app/build/outputs/logs/manifest-merger-debug-report.txt
-- Merging decision tree log ---
manifest
ADDED from src/main/AndroidManifest.xml:2:1-320:12
INJECTED from src/main/AndroidManifest.xml:2:1-320:12
INJECTED from src/main/AndroidManifest.xml:2:1-320:12
INJECTED from src/main/AndroidManifest.xml:2:1-320:12
MERGED from [com.ajts.androidmads.SQLite2Excel:library:1.0.2] AndroidManifest.xml:2:1-17:12
MERGED from [com.android.support:multidex:1.0.3] AndroidManifest.xml:17:1-22:12
MERGED from [:horizontalcalender] AndroidManifest.xml:2:1-11:12
MERGED from [com.android.support:design:26.1.0] AndroidManifest.xml:17:1-31:12
MERGED from [com.github.midorikocak:currency-picker-android:1.1.9] AndroidManifest.xml:2:1-17:12
MERGED from [com.android.support:appcompat-v7:26.1.0] AndroidManifest.xml:17:1-31:12
MERGED from [com.android.support.constraint:constraint-layout:1.0.2] AndroidManifest.xml:2:1-11:12
MERGED from [com.android.support:transition:26.1.0] AndroidManifest.xml:17:1-28:12
MERGED from [com.github.citux:datetimepicker:0.1.2] AndroidManifest.xml:17:1-30:12
MERGED from [com.android.support:support-v13:21.0.0] AndroidManifest.xml:14:4-17:12
MERGED from [com.google.firebase:firebase-auth:16.0.1] AndroidManifest.xml:17:1-38:12
MERGED from [com.google.android.gms:play-services-auth:15.0.1] AndroidManifest.xml:17:1-39:12
MERGED from [com.google.firebase:firebase-messaging:17.0.0] AndroidManifest.xml:17:1-37:12
MERGED from [com.google.android.gms:play-services-flags:15.0.1] AndroidManifest.xml:17:1-22:12
MERGED from [com.google.firebase:firebase-auth-interop:16.0.0] AndroidManifest.xml:2:1-10:12
MERGED from [com.google.android.gms:play-services-auth-api-phone:15.0.1] AndroidManifest.xml:2:1-7:12
MERGED from [com.google.android.gms:play-services-auth-base:15.0.1] AndroidManifest.xml:2:1-7:12
MERGED from [com.google.firebase:firebase-core:16.0.0] AndroidManifest.xml:2:1-9:12
MERGED from [com.google.firebase:firebase-measurement-connector-impl:16.0.0] AndroidManifest.xml:17:1-34:12
MERGED from [com.google.firebase:firebase-analytics:16.0.0] AndroidManifest.xml:17:1-55:12
MERGED from [com.google.firebase:firebase-analytics-impl:16.0.0] AndroidManifest.xml:17:1-41:12
MERGED from [com.google.firebase:firebase-iid:16.0.0] AndroidManifest.xml:17:1-65:12
MERGED from [com.google.firebase:firebase-iid-interop:16.0.0] AndroidManifest.xml:2:1-10:12
MERGED from [com.google.android.gms:play-services-base:15.0.1] AndroidManifest.xml:17:1-29:12
MERGED from [com.google.firebase:firebase-common:16.0.0] AndroidManifest.xml:2:1-16:12
MERGED from [com.google.android.gms:play-services-tasks:15.0.1] AndroidManifest.xml:2:1-9:12
MERGED from [com.google.firebase:firebase-measurement-connector:16.0.0] AndroidManifest.xml:17:1-25:12
MERGED from [com.google.android.gms:play-services-stats:15.0.1] AndroidManifest.xml:2:1-9:12
MERGED from [com.google.android.gms:play-services-ads-identifier:15.0.1] AndroidManifest.xml:17:1-24:12
MERGED from [com.google.android.gms:play-services-basement:15.0.1] AndroidManifest.xml:17:1-28:12
MERGED from [com.android.support:support-v4:26.1.0] AndroidManifest.xml:17:1-31:12
MERGED from [com.android.support:cardview-v7:26.1.0] AndroidManifest.xml:17:1-28:12
MERGED from [com.android.support:animated-vector-drawable:26.1.0] AndroidManifest.xml:17:1-28:12
MERGED from [com.android.support:support-vector-drawable:26.1.0] AndroidManifest.xml:17:1-28:12
MERGED from [com.jakewharton:butterknife:8.8.1] AndroidManifest.xml:2:1-7:12
MERGED from [:xmltojsonlib] AndroidManifest.xml:2:1-11:12
MERGED from [com.facebook.stetho:stetho:1.5.0] AndroidManifest.xml:2:1-13:12
MERGED from [com.crashlytics.sdk.android:crashlytics:2.9.5] AndroidManifest.xml:2:1-19:12
MERGED from [com.android.support:recyclerview-v7:26.1.0] AndroidManifest.xml:17:1-28:12
MERGED from [com.android.support:support-fragment:26.1.0] AndroidManifest.xml:17:1-31:12
MERGED from [com.android.support:support-core-ui:26.1.0] AndroidManifest.xml:17:1-31:12
MERGED from [com.android.support:support-media-compat:26.1.0] AndroidManifest.xml:17:1-31:12
MERGED from [com.android.support:support-core-utils:26.1.0] AndroidManifest.xml:17:1-31:12
MERGED from [com.android.support:support-compat:26.1.0] AndroidManifest.xml:17:1-31:12
MERGED from [com.crashlytics.sdk.android:crashlytics-core:2.6.4] AndroidManifest.xml:45:1-56:12
MERGED from [com.crashlytics.sdk.android:answers:1.4.3] AndroidManifest.xml:2:1-13:12
MERGED from [com.crashlytics.sdk.android:beta:1.2.10] AndroidManifest.xml:2:1-13:12
MERGED from [io.fabric.sdk.android:fabric:1.4.4] AndroidManifest.xml:22:1-33:12
MERGED from [com.google.android.gms:play-services-measurement-base:15.0.4] AndroidManifest.xml:17:1-24:12
MERGED from [android.arch.lifecycle:runtime:1.0.0] AndroidManifest.xml:17:1-30:12
INJECTED from src/main/AndroidManifest.xml:2:1-320:12
INJECTED from src/main/AndroidManifest.xml:2:1-320:12
INJECTED from src/main/AndroidManifest.xml:2:1-320:12
	package
		ADDED from src/main/AndroidManifest.xml:4:5-32
		INJECTED from src/main/AndroidManifest.xml
		INJECTED from src/main/AndroidManifest.xml
	android:versionName
		INJECTED from src/main/AndroidManifest.xml
		ADDED from src/main/AndroidManifest.xml:2:1-320:12
		INJECTED from src/main/AndroidManifest.xml
	xmlns:tools
		ADDED from src/main/AndroidManifest.xml:3:5-51
	android:versionCode
		INJECTED from src/main/AndroidManifest.xml
		ADDED from src/main/AndroidManifest.xml:2:1-320:12
		INJECTED from src/main/AndroidManifest.xml
	xmlns:android
		ADDED from src/main/AndroidManifest.xml:2:11-69
uses-permission#android.permission.CALL_PHONE
ADDED from src/main/AndroidManifest.xml:6:5-69
	android:name
		ADDED from src/main/AndroidManifest.xml:6:22-66
uses-permission#android.permission.WRITE_EXTERNAL_STORAGE
ADDED from src/main/AndroidManifest.xml:7:5-81
	android:name
		ADDED from src/main/AndroidManifest.xml:7:22-78
uses-permission#android.permission.GET_ACCOUNTS
ADDED from src/main/AndroidManifest.xml:8:5-71
	android:name
		ADDED from src/main/AndroidManifest.xml:8:22-68
uses-permission#android.permission.READ_PROFILE
ADDED from src/main/AndroidManifest.xml:9:5-71
	android:name
		ADDED from src/main/AndroidManifest.xml:9:22-68
uses-permission#android.permission.READ_CONTACTS
ADDED from src/main/AndroidManifest.xml:10:5-72
	android:name
		ADDED from src/main/AndroidManifest.xml:10:22-69
uses-permission#android.permission.INTERNET
ADDED from src/main/AndroidManifest.xml:11:5-67
MERGED from [com.google.firebase:firebase-measurement-connector-impl:16.0.0] AndroidManifest.xml:22:5-67
MERGED from [com.google.firebase:firebase-measurement-connector-impl:16.0.0] AndroidManifest.xml:22:5-67
MERGED from [com.google.firebase:firebase-analytics:16.0.0] AndroidManifest.xml:23:5-67
MERGED from [com.google.firebase:firebase-analytics:16.0.0] AndroidManifest.xml:23:5-67
MERGED from [com.google.firebase:firebase-analytics-impl:16.0.0] AndroidManifest.xml:23:5-67
MERGED from [com.google.firebase:firebase-analytics-impl:16.0.0] AndroidManifest.xml:23:5-67
MERGED from [com.google.firebase:firebase-iid:16.0.0] AndroidManifest.xml:23:5-67
MERGED from [com.google.firebase:firebase-iid:16.0.0] AndroidManifest.xml:23:5-67
MERGED from [com.crashlytics.sdk.android:crashlytics:2.9.5] AndroidManifest.xml:9:5-67
MERGED from [com.crashlytics.sdk.android:crashlytics:2.9.5] AndroidManifest.xml:9:5-67
MERGED from [com.crashlytics.sdk.android:crashlytics-core:2.6.4] AndroidManifest.xml:52:5-67
MERGED from [com.crashlytics.sdk.android:crashlytics-core:2.6.4] AndroidManifest.xml:52:5-67
MERGED from [com.crashlytics.sdk.android:answers:1.4.3] AndroidManifest.xml:9:5-67
MERGED from [com.crashlytics.sdk.android:answers:1.4.3] AndroidManifest.xml:9:5-67
MERGED from [com.crashlytics.sdk.android:beta:1.2.10] AndroidManifest.xml:9:5-67
MERGED from [com.crashlytics.sdk.android:beta:1.2.10] AndroidManifest.xml:9:5-67
MERGED from [io.fabric.sdk.android:fabric:1.4.4] AndroidManifest.xml:29:5-67
MERGED from [io.fabric.sdk.android:fabric:1.4.4] AndroidManifest.xml:29:5-67
	android:name
		ADDED from src/main/AndroidManifest.xml:11:22-64
uses-permission#android.permission.ACCESS_NETWORK_STATE
ADDED from src/main/AndroidManifest.xml:12:5-79
MERGED from [com.google.firebase:firebase-measurement-connector-impl:16.0.0] AndroidManifest.xml:23:5-79
MERGED from [com.google.firebase:firebase-measurement-connector-impl:16.0.0] AndroidManifest.xml:23:5-79
MERGED from [com.google.firebase:firebase-analytics:16.0.0] AndroidManifest.xml:24:5-79
MERGED from [com.google.firebase:firebase-analytics:16.0.0] AndroidManifest.xml:24:5-79
MERGED from [com.google.firebase:firebase-analytics-impl:16.0.0] AndroidManifest.xml:24:5-79
MERGED from [com.google.firebase:firebase-analytics-impl:16.0.0] AndroidManifest.xml:24:5-79
MERGED from [com.google.firebase:firebase-iid:16.0.0] AndroidManifest.xml:22:5-79
MERGED from [com.google.firebase:firebase-iid:16.0.0] AndroidManifest.xml:22:5-79
	android:name
		ADDED from src/main/AndroidManifest.xml:12:22-76
application
ADDED from src/main/AndroidManifest.xml:14:5-318:19
MERGED from [com.ajts.androidmads.SQLite2Excel:library:1.0.2] AndroidManifest.xml:11:5-15:19
MERGED from [com.ajts.androidmads.SQLite2Excel:library:1.0.2] AndroidManifest.xml:11:5-15:19
MERGED from [com.android.support:design:26.1.0] AndroidManifest.xml:25:5-29:19
MERGED from [com.android.support:design:26.1.0] AndroidManifest.xml:25:5-29:19
MERGED from [com.github.midorikocak:currency-picker-android:1.1.9] AndroidManifest.xml:11:5-15:19
MERGED from [com.github.midorikocak:currency-picker-android:1.1.9] AndroidManifest.xml:11:5-15:19
MERGED from [com.android.support:appcompat-v7:26.1.0] AndroidManifest.xml:25:5-29:19
MERGED from [com.android.support:appcompat-v7:26.1.0] AndroidManifest.xml:25:5-29:19
MERGED from [com.android.support.constraint:constraint-layout:1.0.2] AndroidManifest.xml:9:5-20
MERGED from [com.android.support.constraint:constraint-layout:1.0.2] AndroidManifest.xml:9:5-20
MERGED from [com.android.support:transition:26.1.0] AndroidManifest.xml:22:5-26:19
MERGED from [com.android.support:transition:26.1.0] AndroidManifest.xml:22:5-26:19
MERGED from [com.github.citux:datetimepicker:0.1.2] AndroidManifest.xml:28:5-20
MERGED from [com.github.citux:datetimepicker:0.1.2] AndroidManifest.xml:28:5-20
MERGED from [com.android.support:support-v13:21.0.0] AndroidManifest.xml:16:5-19
MERGED from [com.android.support:support-v13:21.0.0] AndroidManifest.xml:16:5-19
MERGED from [com.google.firebase:firebase-auth:16.0.1] AndroidManifest.xml:22:5-36:19
MERGED from [com.google.firebase:firebase-auth:16.0.1] AndroidManifest.xml:22:5-36:19
MERGED from [com.google.android.gms:play-services-auth:15.0.1] AndroidManifest.xml:22:5-37:19
MERGED from [com.google.android.gms:play-services-auth:15.0.1] AndroidManifest.xml:22:5-37:19
MERGED from [com.google.firebase:firebase-messaging:17.0.0] AndroidManifest.xml:22:5-35:19
MERGED from [com.google.firebase:firebase-messaging:17.0.0] AndroidManifest.xml:22:5-35:19
MERGED from [com.google.firebase:firebase-auth-interop:16.0.0] AndroidManifest.xml:7:5-8:19
MERGED from [com.google.firebase:firebase-auth-interop:16.0.0] AndroidManifest.xml:7:5-8:19
MERGED from [com.google.firebase:firebase-core:16.0.0] AndroidManifest.xml:7:5-20
MERGED from [com.google.firebase:firebase-core:16.0.0] AndroidManifest.xml:7:5-20
MERGED from [com.google.firebase:firebase-measurement-connector-impl:16.0.0] AndroidManifest.xml:26:5-32:19
MERGED from [com.google.firebase:firebase-measurement-connector-impl:16.0.0] AndroidManifest.xml:26:5-32:19
MERGED from [com.google.firebase:firebase-analytics:16.0.0] AndroidManifest.xml:28:5-53:19
MERGED from [com.google.firebase:firebase-analytics:16.0.0] AndroidManifest.xml:28:5-53:19
MERGED from [com.google.firebase:firebase-analytics-impl:16.0.0] AndroidManifest.xml:28:5-39:19
MERGED from [com.google.firebase:firebase-analytics-impl:16.0.0] AndroidManifest.xml:28:5-39:19
MERGED from [com.google.firebase:firebase-iid:16.0.0] AndroidManifest.xml:34:5-63:19
MERGED from [com.google.firebase:firebase-iid:16.0.0] AndroidManifest.xml:34:5-63:19
MERGED from [com.google.firebase:firebase-iid-interop:16.0.0] AndroidManifest.xml:7:5-8:19
MERGED from [com.google.firebase:firebase-iid-interop:16.0.0] AndroidManifest.xml:7:5-8:19
MERGED from [com.google.android.gms:play-services-base:15.0.1] AndroidManifest.xml:22:5-27:19
MERGED from [com.google.android.gms:play-services-base:15.0.1] AndroidManifest.xml:22:5-27:19
MERGED from [com.google.firebase:firebase-common:16.0.0] AndroidManifest.xml:8:5-14:19
MERGED from [com.google.firebase:firebase-common:16.0.0] AndroidManifest.xml:8:5-14:19
MERGED from [com.google.android.gms:play-services-tasks:15.0.1] AndroidManifest.xml:7:5-20
MERGED from [com.google.android.gms:play-services-tasks:15.0.1] AndroidManifest.xml:7:5-20
MERGED from [com.google.firebase:firebase-measurement-connector:16.0.0] AndroidManifest.xml:22:5-23:19
MERGED from [com.google.firebase:firebase-measurement-connector:16.0.0] AndroidManifest.xml:22:5-23:19
MERGED from [com.google.android.gms:play-services-stats:15.0.1] AndroidManifest.xml:7:5-20
MERGED from [com.google.android.gms:play-services-stats:15.0.1] AndroidManifest.xml:7:5-20
MERGED from [com.google.android.gms:play-services-ads-identifier:15.0.1] AndroidManifest.xml:22:5-20
MERGED from [com.google.android.gms:play-services-ads-identifier:15.0.1] AndroidManifest.xml:22:5-20
MERGED from [com.google.android.gms:play-services-basement:15.0.1] AndroidManifest.xml:22:5-26:19
MERGED from [com.google.android.gms:play-services-basement:15.0.1] AndroidManifest.xml:22:5-26:19
MERGED from [com.android.support:support-v4:26.1.0] AndroidManifest.xml:25:5-29:19
MERGED from [com.android.support:support-v4:26.1.0] AndroidManifest.xml:25:5-29:19
MERGED from [com.android.support:cardview-v7:26.1.0] AndroidManifest.xml:22:5-26:19
MERGED from [com.android.support:cardview-v7:26.1.0] AndroidManifest.xml:22:5-26:19
MERGED from [com.android.support:animated-vector-drawable:26.1.0] AndroidManifest.xml:22:5-26:19
MERGED from [com.android.support:animated-vector-drawable:26.1.0] AndroidManifest.xml:22:5-26:19
MERGED from [com.android.support:support-vector-drawable:26.1.0] AndroidManifest.xml:22:5-26:19
MERGED from [com.android.support:support-vector-drawable:26.1.0] AndroidManifest.xml:22:5-26:19
MERGED from [com.facebook.stetho:stetho:1.5.0] AndroidManifest.xml:11:5-20
MERGED from [com.facebook.stetho:stetho:1.5.0] AndroidManifest.xml:11:5-20
MERGED from [com.crashlytics.sdk.android:crashlytics:2.9.5] AndroidManifest.xml:11:5-17:19
MERGED from [com.crashlytics.sdk.android:crashlytics:2.9.5] AndroidManifest.xml:11:5-17:19
MERGED from [com.android.support:recyclerview-v7:26.1.0] AndroidManifest.xml:22:5-26:19
MERGED from [com.android.support:recyclerview-v7:26.1.0] AndroidManifest.xml:22:5-26:19
MERGED from [com.android.support:support-fragment:26.1.0] AndroidManifest.xml:25:5-29:19
MERGED from [com.android.support:support-fragment:26.1.0] AndroidManifest.xml:25:5-29:19
MERGED from [com.android.support:support-core-ui:26.1.0] AndroidManifest.xml:25:5-29:19
MERGED from [com.android.support:support-core-ui:26.1.0] AndroidManifest.xml:25:5-29:19
MERGED from [com.android.support:support-media-compat:26.1.0] AndroidManifest.xml:25:5-29:19
MERGED from [com.android.support:support-media-compat:26.1.0] AndroidManifest.xml:25:5-29:19
MERGED from [com.android.support:support-core-utils:26.1.0] AndroidManifest.xml:25:5-29:19
MERGED from [com.android.support:support-core-utils:26.1.0] AndroidManifest.xml:25:5-29:19
MERGED from [com.android.support:support-compat:26.1.0] AndroidManifest.xml:25:5-29:19
MERGED from [com.android.support:support-compat:26.1.0] AndroidManifest.xml:25:5-29:19
MERGED from [com.crashlytics.sdk.android:crashlytics-core:2.6.4] AndroidManifest.xml:54:5-20
MERGED from [com.crashlytics.sdk.android:crashlytics-core:2.6.4] AndroidManifest.xml:54:5-20
MERGED from [com.crashlytics.sdk.android:answers:1.4.3] AndroidManifest.xml:11:5-20
MERGED from [com.crashlytics.sdk.android:answers:1.4.3] AndroidManifest.xml:11:5-20
MERGED from [com.crashlytics.sdk.android:beta:1.2.10] AndroidManifest.xml:11:5-20
MERGED from [com.crashlytics.sdk.android:beta:1.2.10] AndroidManifest.xml:11:5-20
MERGED from [io.fabric.sdk.android:fabric:1.4.4] AndroidManifest.xml:31:5-20
MERGED from [io.fabric.sdk.android:fabric:1.4.4] AndroidManifest.xml:31:5-20
MERGED from [com.google.android.gms:play-services-measurement-base:15.0.4] AndroidManifest.xml:22:5-20
MERGED from [com.google.android.gms:play-services-measurement-base:15.0.4] AndroidManifest.xml:22:5-20
MERGED from [android.arch.lifecycle:runtime:1.0.0] AndroidManifest.xml:24:5-28:19
MERGED from [android.arch.lifecycle:runtime:1.0.0] AndroidManifest.xml:24:5-28:19
	android:supportsRtl
		ADDED from src/main/AndroidManifest.xml:21:9-35
	android:label
		ADDED from src/main/AndroidManifest.xml:19:9-41
	android:debuggable
		ADDED from src/main/AndroidManifest.xml:17:9-34
	tools:ignore
		ADDED from src/main/AndroidManifest.xml:23:9-42
	android:roundIcon
		ADDED from src/main/AndroidManifest.xml:20:9-47
	android:icon
		ADDED from src/main/AndroidManifest.xml:18:9-42
	android:allowBackup
		ADDED from src/main/AndroidManifest.xml:16:9-35
	android:theme
		ADDED from src/main/AndroidManifest.xml:22:9-40
	android:name
		ADDED from src/main/AndroidManifest.xml:15:9-37
activity#com.software.ttsl.SyncActivity
ADDED from src/main/AndroidManifest.xml:24:9-30:20
	android:parentActivityName
		ADDED from src/main/AndroidManifest.xml:26:13-63
	android:name
		ADDED from src/main/AndroidManifest.xml:25:13-41
meta-data#android.support.PARENT_ACTIVITY
ADDED from src/main/AndroidManifest.xml:27:13-29:49
	android:value
		ADDED from src/main/AndroidManifest.xml:29:17-46
	android:name
		ADDED from src/main/AndroidManifest.xml:28:17-63
activity#com.software.ttsl.EmployeeHomeActivity
ADDED from src/main/AndroidManifest.xml:31:9-39:20
	android:screenOrientation
		ADDED from src/main/AndroidManifest.xml:33:13-49
	android:name
		ADDED from src/main/AndroidManifest.xml:32:13-49
intent-filter#action:name:android.intent.action.MAIN+category:name:android.intent.category.LAUNCHER
ADDED from src/main/AndroidManifest.xml:34:13-38:29
action#android.intent.action.MAIN
ADDED from src/main/AndroidManifest.xml:35:17-69
	android:name
		ADDED from src/main/AndroidManifest.xml:35:25-66
category#android.intent.category.LAUNCHER
ADDED from src/main/AndroidManifest.xml:37:17-77
	android:name
		ADDED from src/main/AndroidManifest.xml:37:27-74
activity#com.software.ttsl.ContactUs
ADDED from src/main/AndroidManifest.xml:40:9-47
	android:name
		ADDED from src/main/AndroidManifest.xml:40:19-44
activity#com.software.ttsl.TraceCargoActivity
ADDED from src/main/AndroidManifest.xml:41:9-43:60
	android:label
		ADDED from src/main/AndroidManifest.xml:43:13-57
	android:name
		ADDED from src/main/AndroidManifest.xml:42:13-47
activity#com.software.ttsl.RegistrationActivity
ADDED from src/main/AndroidManifest.xml:44:9-46:52
	android:screenOrientation
		ADDED from src/main/AndroidManifest.xml:46:13-49
	android:name
		ADDED from src/main/AndroidManifest.xml:45:13-49
activity#com.software.ttsl.TrackCargoActivity
ADDED from src/main/AndroidManifest.xml:47:9-49:52
	android:screenOrientation
		ADDED from src/main/AndroidManifest.xml:49:13-49
	android:name
		ADDED from src/main/AndroidManifest.xml:48:13-47
activity#com.software.ttsl.TraceOrderActivity
ADDED from src/main/AndroidManifest.xml:50:9-52:52
	android:screenOrientation
		ADDED from src/main/AndroidManifest.xml:52:13-49
	android:name
		ADDED from src/main/AndroidManifest.xml:51:13-47
activity#com.software.ttsl.MainActivity
ADDED from src/main/AndroidManifest.xml:53:9-55:52
	android:screenOrientation
		ADDED from src/main/AndroidManifest.xml:55:13-49
	android:name
		ADDED from src/main/AndroidManifest.xml:54:13-41
activity#com.software.ttsl.LeadRelatedActivity
ADDED from src/main/AndroidManifest.xml:56:9-58:52
	android:screenOrientation
		ADDED from src/main/AndroidManifest.xml:58:13-49
	android:name
		ADDED from src/main/AndroidManifest.xml:57:13-48
activity#com.software.ttsl.BillListActivity
ADDED from src/main/AndroidManifest.xml:59:9-61:52
	android:screenOrientation
		ADDED from src/main/AndroidManifest.xml:61:13-49
	android:name
		ADDED from src/main/AndroidManifest.xml:60:13-45
activity#com.software.ttsl.PendingInvoiceActivity
ADDED from src/main/AndroidManifest.xml:62:9-64:52
	android:screenOrientation
		ADDED from src/main/AndroidManifest.xml:64:13-49
	android:name
		ADDED from src/main/AndroidManifest.xml:63:13-51
activity#com.software.ttsl.AboutUs
ADDED from src/main/AndroidManifest.xml:65:9-67:52
	android:screenOrientation
		ADDED from src/main/AndroidManifest.xml:67:13-49
	android:name
		ADDED from src/main/AndroidManifest.xml:66:13-36
activity#com.software.ttsl.LeadEnteryActivity
ADDED from src/main/AndroidManifest.xml:68:9-70:52
	android:screenOrientation
		ADDED from src/main/AndroidManifest.xml:70:13-49
	android:name
		ADDED from src/main/AndroidManifest.xml:69:13-47
activity#com.software.ttsl.AddTask
ADDED from src/main/AndroidManifest.xml:71:9-73:52
	android:screenOrientation
		ADDED from src/main/AndroidManifest.xml:73:13-49
	android:name
		ADDED from src/main/AndroidManifest.xml:72:13-36
activity#com.software.ttsl.GetQuotationActivity
ADDED from src/main/AndroidManifest.xml:74:9-76:52
	android:screenOrientation
		ADDED from src/main/AndroidManifest.xml:76:13-49
	android:name
		ADDED from src/main/AndroidManifest.xml:75:13-49
activity#com.software.ttsl.QuotationFormActivity
ADDED from src/main/AndroidManifest.xml:77:9-79:52
	android:screenOrientation
		ADDED from src/main/AndroidManifest.xml:79:13-49
	android:name
		ADDED from src/main/AndroidManifest.xml:78:13-50
activity#com.software.ttsl.ServicesActivity
ADDED from src/main/AndroidManifest.xml:80:9-82:52
	android:screenOrientation
		ADDED from src/main/AndroidManifest.xml:82:13-49
	android:name
		ADDED from src/main/AndroidManifest.xml:81:13-45
activity#com.software.ttsl.ProfileActiviy
ADDED from src/main/AndroidManifest.xml:83:9-85:52
	android:screenOrientation
		ADDED from src/main/AndroidManifest.xml:85:13-49
	android:name
		ADDED from src/main/AndroidManifest.xml:84:13-43
activity#com.software.ttsl.AddAccountActivity
ADDED from src/main/AndroidManifest.xml:86:9-88:52
	android:screenOrientation
		ADDED from src/main/AndroidManifest.xml:88:13-49
	android:name
		ADDED from src/main/AndroidManifest.xml:87:13-47
activity#com.software.ttsl.SelectPortActivity
ADDED from src/main/AndroidManifest.xml:89:9-91:52
	android:screenOrientation
		ADDED from src/main/AndroidManifest.xml:91:13-49
	android:name
		ADDED from src/main/AndroidManifest.xml:90:13-47
activity#com.software.ttsl.NewLoginActivity
ADDED from src/main/AndroidManifest.xml:92:9-94:52
	android:screenOrientation
		ADDED from src/main/AndroidManifest.xml:94:13-49
	android:name
		ADDED from src/main/AndroidManifest.xml:93:13-45
receiver#com.software.ttsl.Utils.ConnectivityReceiver
ADDED from src/main/AndroidManifest.xml:96:9-102:20
	android:enabled
		ADDED from src/main/AndroidManifest.xml:98:13-35
	android:name
		ADDED from src/main/AndroidManifest.xml:97:13-55
intent-filter#action:name:android.net.conn.CONNECTIVITY_CHANGE
ADDED from src/main/AndroidManifest.xml:99:13-101:29
action#android.net.conn.CONNECTIVITY_CHANGE
ADDED from src/main/AndroidManifest.xml:100:17-79
	android:name
		ADDED from src/main/AndroidManifest.xml:100:25-76
activity#com.software.ttsl.ContactModeActivity
ADDED from src/main/AndroidManifest.xml:104:9-106:52
	android:screenOrientation
		ADDED from src/main/AndroidManifest.xml:106:13-49
	android:name
		ADDED from src/main/AndroidManifest.xml:105:13-48
activity#com.software.ttsl.AddCallActivity1
ADDED from src/main/AndroidManifest.xml:107:9-109:52
	android:screenOrientation
		ADDED from src/main/AndroidManifest.xml:109:13-49
	android:name
		ADDED from src/main/AndroidManifest.xml:108:13-45
activity#com.software.ttsl.CustomListActivity
ADDED from src/main/AndroidManifest.xml:110:9-56
	android:name
		ADDED from src/main/AndroidManifest.xml:110:19-53
activity#com.software.ttsl.LoginActivity
ADDED from src/main/AndroidManifest.xml:111:9-113:52
	android:screenOrientation
		ADDED from src/main/AndroidManifest.xml:113:13-49
	android:name
		ADDED from src/main/AndroidManifest.xml:112:13-42
activity#com.software.ttsl.AddPromotionMailActivity
ADDED from src/main/AndroidManifest.xml:114:9-116:52
	android:screenOrientation
		ADDED from src/main/AndroidManifest.xml:116:13-49
	android:name
		ADDED from src/main/AndroidManifest.xml:115:13-53
activity#com.software.ttsl.SearchVesselActivity
ADDED from src/main/AndroidManifest.xml:117:9-119:52
	android:screenOrientation
		ADDED from src/main/AndroidManifest.xml:119:13-49
	android:name
		ADDED from src/main/AndroidManifest.xml:118:13-49
activity#com.software.ttsl.Utils.AddDataActivity
ADDED from src/main/AndroidManifest.xml:120:9-122:52
	android:screenOrientation
		ADDED from src/main/AndroidManifest.xml:122:13-49
	android:name
		ADDED from src/main/AndroidManifest.xml:121:13-50
activity#com.software.ttsl.CustomListSortActivity
ADDED from src/main/AndroidManifest.xml:123:9-125:52
	android:screenOrientation
		ADDED from src/main/AndroidManifest.xml:125:13-49
	android:name
		ADDED from src/main/AndroidManifest.xml:124:13-51
activity#com.software.ttsl.LeadSettingActivity
ADDED from src/main/AndroidManifest.xml:126:9-128:52
	android:screenOrientation
		ADDED from src/main/AndroidManifest.xml:128:13-49
	android:name
		ADDED from src/main/AndroidManifest.xml:127:13-48
activity#com.software.ttsl.SailingScheduleActivity
ADDED from src/main/AndroidManifest.xml:129:9-131:52
	android:screenOrientation
		ADDED from src/main/AndroidManifest.xml:131:13-49
	android:name
		ADDED from src/main/AndroidManifest.xml:130:13-52
activity#com.software.ttsl.ScheduleListActivity
ADDED from src/main/AndroidManifest.xml:132:9-134:52
	android:screenOrientation
		ADDED from src/main/AndroidManifest.xml:134:13-49
	android:name
		ADDED from src/main/AndroidManifest.xml:133:13-49
activity#com.software.ttsl.LeadListActivity
ADDED from src/main/AndroidManifest.xml:135:9-137:52
	android:screenOrientation
		ADDED from src/main/AndroidManifest.xml:137:13-49
	android:name
		ADDED from src/main/AndroidManifest.xml:136:13-45
activity#com.software.ttsl.LoginActivity1
ADDED from src/main/AndroidManifest.xml:138:9-140:52
	android:screenOrientation
		ADDED from src/main/AndroidManifest.xml:140:13-49
	android:name
		ADDED from src/main/AndroidManifest.xml:139:13-43
activity#com.software.ttsl.AddContactActivity
ADDED from src/main/AndroidManifest.xml:141:9-143:52
	android:screenOrientation
		ADDED from src/main/AndroidManifest.xml:143:13-49
	android:name
		ADDED from src/main/AndroidManifest.xml:142:13-47
activity#com.software.ttsl.AddLeadActivity
ADDED from src/main/AndroidManifest.xml:144:9-146:52
	android:screenOrientation
		ADDED from src/main/AndroidManifest.xml:146:13-49
	android:name
		ADDED from src/main/AndroidManifest.xml:145:13-44
activity#com.software.ttsl.LeadDetailActivity
ADDED from src/main/AndroidManifest.xml:147:9-149:52
	android:screenOrientation
		ADDED from src/main/AndroidManifest.xml:149:13-49
	android:name
		ADDED from src/main/AndroidManifest.xml:148:13-47
activity#com.software.ttsl.AddCustomerChallenge
ADDED from src/main/AndroidManifest.xml:150:9-152:52
	android:screenOrientation
		ADDED from src/main/AndroidManifest.xml:152:13-49
	android:name
		ADDED from src/main/AndroidManifest.xml:151:13-49
activity#com.software.ttsl.RepeatReminderActivity
ADDED from src/main/AndroidManifest.xml:153:9-155:52
	android:screenOrientation
		ADDED from src/main/AndroidManifest.xml:155:13-49
	android:name
		ADDED from src/main/AndroidManifest.xml:154:13-51
activity#com.software.ttsl.AddTaskActivity
ADDED from src/main/AndroidManifest.xml:156:9-158:52
	android:screenOrientation
		ADDED from src/main/AndroidManifest.xml:158:13-49
	android:name
		ADDED from src/main/AndroidManifest.xml:157:13-44
activity#com.software.ttsl.AddReminderActivity
ADDED from src/main/AndroidManifest.xml:159:9-161:52
	android:screenOrientation
		ADDED from src/main/AndroidManifest.xml:161:13-49
	android:name
		ADDED from src/main/AndroidManifest.xml:160:13-48
activity#com.software.ttsl.ContactListActivity
ADDED from src/main/AndroidManifest.xml:162:9-164:52
	android:screenOrientation
		ADDED from src/main/AndroidManifest.xml:164:13-49
	android:name
		ADDED from src/main/AndroidManifest.xml:163:13-48
activity#com.software.ttsl.ContactDetailActivity
ADDED from src/main/AndroidManifest.xml:165:9-59
	android:name
		ADDED from src/main/AndroidManifest.xml:165:19-56
activity#com.software.ttsl.EditContactActivity
ADDED from src/main/AndroidManifest.xml:166:9-57
	android:name
		ADDED from src/main/AndroidManifest.xml:166:19-54
activity#com.software.ttsl.WelcomeActivity
ADDED from src/main/AndroidManifest.xml:167:9-169:52
	android:screenOrientation
		ADDED from src/main/AndroidManifest.xml:169:13-49
	android:name
		ADDED from src/main/AndroidManifest.xml:168:13-44
activity#com.software.ttsl.SplashScreenActivity
ADDED from src/main/AndroidManifest.xml:170:9-172:52
	android:screenOrientation
		ADDED from src/main/AndroidManifest.xml:172:13-49
	android:name
		ADDED from src/main/AndroidManifest.xml:171:13-49
activity#com.software.ttsl.AccountListActivity
ADDED from src/main/AndroidManifest.xml:173:9-175:52
	android:screenOrientation
		ADDED from src/main/AndroidManifest.xml:175:13-49
	android:name
		ADDED from src/main/AndroidManifest.xml:174:13-48
activity#com.software.ttsl.AccountDetailsActivity
ADDED from src/main/AndroidManifest.xml:176:9-178:52
	android:screenOrientation
		ADDED from src/main/AndroidManifest.xml:178:13-49
	android:name
		ADDED from src/main/AndroidManifest.xml:177:13-51
activity#com.software.ttsl.EditAccountActivity
ADDED from src/main/AndroidManifest.xml:179:9-181:52
	android:screenOrientation
		ADDED from src/main/AndroidManifest.xml:181:13-49
	android:name